<?xml version="1.0" encoding="UTF-8"?>
<!-- Generated by org.testng.reporters.JUnitReportReporter -->
<testsuite hostname="VAIO" failures="0" tests="1" name="com.TestApp.Testcases.TC_SearchActive_001" time="63.262" errors="0" timestamp="17 Oct 2022 16:30:21 GMT" skipped="0">
  <testcase classname="com.TestApp.Testcases.TC_SearchActive_001" name="TC_searchActive_001" time="63.262"/>
</testsuite> <!-- com.TestApp.Testcases.TC_SearchActive_001 -->
