<?xml version="1.0" encoding="UTF-8"?>
<!-- Generated by org.testng.reporters.JUnitReportReporter -->
<testsuite hostname="VAIO" failures="0" tests="1" name="com.TestApp.Testcases.TC_SearchAnonymous_002" time="24.233" errors="0" timestamp="17 Oct 2022 16:30:21 GMT" skipped="0">
  <testcase classname="com.TestApp.Testcases.TC_SearchAnonymous_002" name="TC_searchAnonymous_002" time="24.233"/>
</testsuite> <!-- com.TestApp.Testcases.TC_SearchAnonymous_002 -->
